Flow report for top
Mon Sep  1 18:58:20 2025
Quartus Prime Version 24.1std.0 Build 1077 03/04/2025 SC Lite Edition


---------------------
; Table of Contents ;
---------------------
  1. Legal Notice
  2. Flow Summary
  3. Flow Settings
  4. Flow Non-Default Global Settings
  5. Flow Elapsed Time
  6. Flow OS Summary
  7. Flow Log
  8. Flow Messages
  9. Flow Suppressed Messages



----------------
; Legal Notice ;
----------------
Copyright (C) 2025  Altera Corporation. All rights reserved.
Your use of Altera Corporation's design tools, logic functions 
and other software and tools, and any partner logic 
functions, and any output files from any of the foregoing 
(including device programming or simulation files), and any 
associated documentation or information are expressly subject 
to the terms and conditions of the Altera Program License 
Subscription Agreement, the Altera Quartus Prime License Agreement,
the Altera IP License Agreement, or other applicable license
agreement, including, without limitation, that your use is for
the sole purpose of programming logic devices manufactured by
Altera and sold by Altera or its authorized distributors.  Please
refer to the Altera Software License Subscription Agreements 
on the Quartus Prime software download page.



+--------------------------------------------------------------------------------------+
; Flow Summary                                                                         ;
+------------------------------------+-------------------------------------------------+
; Flow Status                        ; Successful - Mon Sep  1 18:57:27 2025           ;
; Quartus Prime Version              ; 24.1std.0 Build 1077 03/04/2025 SC Lite Edition ;
; Revision Name                      ; top                                             ;
; Top-level Entity Name              ; top                                             ;
; Family                             ; Cyclone IV E                                    ;
; Device                             ; EP4CE22F17C6                                    ;
; Timing Models                      ; Final                                           ;
; Total logic elements               ; 5,418 / 22,320 ( 24 % )                         ;
;     Total combinational functions  ; 4,950 / 22,320 ( 22 % )                         ;
;     Dedicated logic registers      ; 3,106 / 22,320 ( 14 % )                         ;
; Total registers                    ; 3106                                            ;
; Total pins                         ; 16 / 154 ( 10 % )                               ;
; Total virtual pins                 ; 0                                               ;
; Total memory bits                  ; 463,520 / 608,256 ( 76 % )                      ;
; Embedded Multiplier 9-bit elements ; 8 / 132 ( 6 % )                                 ;
; Total PLLs                         ; 0 / 4 ( 0 % )                                   ;
+------------------------------------+-------------------------------------------------+


+-----------------------------------------+
; Flow Settings                           ;
+-------------------+---------------------+
; Option            ; Setting             ;
+-------------------+---------------------+
; Start date & time ; 09/01/2025 18:54:46 ;
; Main task         ; Compilation         ;
; Revision Name     ; top                 ;
+-------------------+---------------------+


+---------------------------------------------------------------------------------------------------+
; Flow Non-Default Global Settings                                                                  ;
+-----------------------+--------------------------------+---------------+-------------+------------+
; Assignment Name       ; Value                          ; Default Value ; Entity Name ; Section Id ;
+-----------------------+--------------------------------+---------------+-------------+------------+
; COMPILER_SIGNATURE_ID ; 35233571218688.175673308662217 ; --            ; --          ; --         ;
+-----------------------+--------------------------------+---------------+-------------+------------+


+--------------------------------------------------------------------------------------------------------------------------+
; Flow Elapsed Time                                                                                                        ;
+----------------------+--------------+-------------------------+---------------------+------------------------------------+
; Module Name          ; Elapsed Time ; Average Processors Used ; Peak Virtual Memory ; Total CPU Time (on all processors) ;
+----------------------+--------------+-------------------------+---------------------+------------------------------------+
; Analysis & Synthesis ; 00:01:05     ; 1.0                     ; 526 MB              ; 00:00:26                           ;
; Fitter               ; 00:01:13     ; 1.2                     ; 1659 MB             ; 00:00:23                           ;
; Assembler            ; 00:01:11     ; 1.0                     ; 384 MB              ; 00:00:01                           ;
; Timing Analyzer      ; 00:00:52     ; 1.9                     ; 638 MB              ; 00:00:04                           ;
; Total                ; 00:04:21     ; --                      ; --                  ; 00:00:54                           ;
+----------------------+--------------+-------------------------+---------------------+------------------------------------+


+---------------------------------------------------------------------------------------------------------------+
; Flow OS Summary                                                                                               ;
+----------------------+------------------------------------------------+---------+------------+----------------+
; Module Name          ; Machine Hostname                               ; OS Name ; OS Version ; Processor type ;
+----------------------+------------------------------------------------+---------+------------+----------------+
; Analysis & Synthesis ; anoushka-tripathi-HP-Pavilion-Laptop-15-eg3xxx ; Ubuntu  ; 25         ; x86_64         ;
; Fitter               ; anoushka-tripathi-HP-Pavilion-Laptop-15-eg3xxx ; Ubuntu  ; 25         ; x86_64         ;
; Assembler            ; anoushka-tripathi-HP-Pavilion-Laptop-15-eg3xxx ; Ubuntu  ; 25         ; x86_64         ;
; Timing Analyzer      ; anoushka-tripathi-HP-Pavilion-Laptop-15-eg3xxx ; Ubuntu  ; 25         ; x86_64         ;
+----------------------+------------------------------------------------+---------+------------+----------------+


------------
; Flow Log ;
------------
quartus_map --read_settings_files=on --write_settings_files=off top -c top
quartus_fit --read_settings_files=off --write_settings_files=off top -c top
quartus_asm --read_settings_files=off --write_settings_files=off top -c top
quartus_sta top -c top



